<?xml version="1.0" encoding="UTF-8"?>
<!-- Generated by org.testng.reporters.JUnitReportReporter -->
<testsuite hostname="sharats-MacBook-Pro.local" failures="0" tests="1" name="inter.sauce.test.tests.ProductCheckoutHappyPath" time="61.456" errors="0" timestamp="2021-04-19T04:26:16 CDT" skipped="0">
  <testcase classname="inter.sauce.test.tests.ProductCheckoutHappyPath" name="productCheck" time="61.456"/>
  <system-out/>
</testsuite> <!-- inter.sauce.test.tests.ProductCheckoutHappyPath -->
